<?xml version="1.0" encoding="UTF-8"?>
<!-- Generated by org.testng.reporters.JUnitReportReporter -->
<testsuite hostname="Rajendra" failures="0" tests="6" name="com.tests.RegistrationPageTest" time="3.418" errors="0" timestamp="02 Aug 2022 14:03:49 GMT" skipped="0">
  <testcase classname="com.tests.RegistrationPageTest" name="TC006_verify_Blank_Password_Error_Message" time="0.612"/>
  <testcase classname="com.tests.RegistrationPageTest" name="TC001_verify_New_User_Registration_Functionality" time="0.652"/>
  <testcase classname="com.tests.RegistrationPageTest" name="TC005_verify_Blank_Email_Error_Message" time="0.598"/>
  <testcase classname="com.tests.RegistrationPageTest" name="TC003_verify_Blank_UserName_Error_Message" time="0.610"/>
  <testcase classname="com.tests.RegistrationPageTest" name="TC002_erify_Already_User_Link_Is_Clickable" time="0.323"/>
  <testcase classname="com.tests.RegistrationPageTest" name="TC004_verify_Blank_MobileNumber_Error_Message" time="0.623"/>
</testsuite> <!-- com.tests.RegistrationPageTest -->
