<?xml version="1.0" encoding="UTF-8"?>
<!-- Generated by org.testng.reporters.JUnitReportReporter -->
<testsuite skipped="0" hostname="Rajendra" name="com.offlineWebTest.RegistrationPageTest" tests="2" failures="0" timestamp="28 Jul 2022 16:08:33 GMT" time="1.261" errors="0">
  <testcase name="TC001_verify_New_User_Registration_Functionality" time="0.837" classname="com.offlineWebTest.RegistrationPageTest"/>
  <testcase name="TC002_erify_Already_User_Link_Is_Clickable" time="0.424" classname="com.offlineWebTest.RegistrationPageTest"/>
</testsuite> <!-- com.offlineWebTest.RegistrationPageTest -->
