<?xml version="1.0" encoding="UTF-8"?>
<!-- Generated by org.testng.reporters.JUnitReportReporter -->
<testsuite hostname="Rajendra" failures="0" tests="6" name="com.tests.DownloadsPageTest" time="53.176" errors="0" timestamp="02 Aug 2022 14:03:49 GMT" skipped="0">
  <testcase classname="com.tests.DownloadsPageTest" name="TC003_verify_Sixty_Four_Bit_Support_Application" time="0.364"/>
  <testcase classname="com.tests.DownloadsPageTest" name="TC002_verify_Thirty_Two_Bit_Support_Application" time="0.386"/>
  <testcase classname="com.tests.DownloadsPageTest" name="TC005_verify_Official_SourceLink_Of_Perticular_Application" time="46.574"/>
  <testcase classname="com.tests.DownloadsPageTest" name="TC006_verify_Logout_Page_Link_Functionality" time="3.361"/>
  <testcase classname="com.tests.DownloadsPageTest" name="TC004_verify_Version_Of_Application" time="0.380"/>
  <testcase classname="com.tests.DownloadsPageTest" name="TC001_verify_Downloads_Page_Table_Data" time="2.111"/>
</testsuite> <!-- com.tests.DownloadsPageTest -->
