<?xml version="1.0" encoding="UTF-8"?>
<!-- Generated by org.testng.reporters.JUnitReportReporter -->
<testsuite hostname="Rajendra" failures="0" tests="4" name="com.tests.DashboardPageTest" time="32.681" errors="0" timestamp="02 Aug 2022 14:03:49 GMT" skipped="0">
  <testcase classname="com.tests.DashboardPageTest" name="TC001_verify_CoursesName_And_Details_Of_Courses" time="0.279"/>
  <testcase classname="com.tests.DashboardPageTest" name="TC003_verify_SideMenubar_Links" time="0.141"/>
  <testcase classname="com.tests.DashboardPageTest" name="TC002_verify_More_Info_Links" time="0.823"/>
  <testcase classname="com.tests.DashboardPageTest" name="TC004_verify_Title_After_Clicking_On_SidebarMenu" time="31.438"/>
</testsuite> <!-- com.tests.DashboardPageTest -->
