<?xml version="1.0" encoding="UTF-8"?>
<!-- Generated by org.testng.reporters.JUnitReportReporter -->
<testsuite skipped="0" hostname="Rajendra" name="com.offlineWebTest.OperatorsPageTest" tests="3" failures="0" timestamp="28 Jul 2022 16:08:33 GMT" time="2.298" errors="0">
  <testcase name="TC003_verify_Way_To_Connect_Without_WhatsApp_Only_To_Operator" time="0.402" classname="com.offlineWebTest.OperatorsPageTest"/>
  <testcase name="TC001_verify_Operators_List_Table_Data" time="1.565" classname="com.offlineWebTest.OperatorsPageTest"/>
  <testcase name="TC002_verify_Technical_Person_In_Operators_List" time="0.331" classname="com.offlineWebTest.OperatorsPageTest"/>
</testsuite> <!-- com.offlineWebTest.OperatorsPageTest -->
