<?xml version="1.0" encoding="UTF-8"?>
<!-- Generated by org.testng.reporters.JUnitReportReporter -->
<testsuite skipped="0" hostname="Rajendra" name="com.offlineWebTest.DownloadsPageTest" tests="3" failures="0" timestamp="28 Jul 2022 16:08:33 GMT" time="55.367" errors="0">
  <testcase name="TC001_verify_Downloads_Page_Table_Data" time="3.039" classname="com.offlineWebTest.DownloadsPageTest"/>
  <testcase name="TC003_verify_Logout_Page_Link_Functionality" time="3.410" classname="com.offlineWebTest.DownloadsPageTest"/>
  <testcase name="TC002_verify_Official_SourceLink_Of_Perticular_Application" time="48.918" classname="com.offlineWebTest.DownloadsPageTest"/>
</testsuite> <!-- com.offlineWebTest.DownloadsPageTest -->
