<?xml version="1.0" encoding="UTF-8"?>
<!-- Generated by org.testng.reporters.JUnitReportReporter -->
<testsuite skipped="0" hostname="Rajendra" name="com.offlineWebTest.DashboardPageTest" tests="3" failures="0" timestamp="28 Jul 2022 16:08:33 GMT" time="33.370" errors="0">
  <testcase name="TC003_verify_SideMenubar_Links" time="31.961" classname="com.offlineWebTest.DashboardPageTest"/>
  <testcase name="TC001_verify_CoursesName_And_Details_Of_Courses" time="0.363" classname="com.offlineWebTest.DashboardPageTest"/>
  <testcase name="TC002_verify_More_Info_Links" time="1.046" classname="com.offlineWebTest.DashboardPageTest"/>
</testsuite> <!-- com.offlineWebTest.DashboardPageTest -->
