<?xml version="1.0" encoding="UTF-8"?>
<!-- Generated by org.testng.reporters.JUnitReportReporter -->
<testsuite skipped="0" hostname="Rajendra" name="com.offlineWebTest.LoginPageTest" tests="1" failures="0" timestamp="29 Jul 2022 06:17:52 GMT" time="22.967" errors="0">
  <testcase name="TC001_verify_Enter_Invalid_Email_Error_Message" time="22.967" classname="com.offlineWebTest.LoginPageTest"/>
</testsuite> <!-- com.offlineWebTest.LoginPageTest -->
