<?xml version="1.0" encoding="UTF-8"?>
<!-- Generated by org.testng.reporters.JUnitReportReporter -->
<testsuite hostname="Rajendra" failures="0" tests="2" name="com.tests.UsefulLinksPageTest" time="53.626" errors="0" timestamp="02 Aug 2022 14:03:49 GMT" skipped="0">
  <testcase classname="com.tests.UsefulLinksPageTest" name="TC002_verify_Content_Links_Of_Useful_Links_Page" time="53.436"/>
  <testcase classname="com.tests.UsefulLinksPageTest" name="TC001_verify_Useful_Links_Table_Data" time="0.190"/>
</testsuite> <!-- com.tests.UsefulLinksPageTest -->
