<?xml version="1.0" encoding="UTF-8"?>
<!-- Generated by org.testng.reporters.JUnitReportReporter -->
<testsuite skipped="0" hostname="Rajendra" name="com.offlineWebTest.UsefulLinksPageTest" tests="2" failures="0" timestamp="28 Jul 2022 16:08:33 GMT" time="36.842" errors="0">
  <testcase name="TC002_verify_Content_Links_Of_Useful_Links_Page" time="36.546" classname="com.offlineWebTest.UsefulLinksPageTest"/>
  <testcase name="TC001_verify_Useful_Links_Table_Data" time="0.296" classname="com.offlineWebTest.UsefulLinksPageTest"/>
</testsuite> <!-- com.offlineWebTest.UsefulLinksPageTest -->
