<?xml version="1.0" encoding="UTF-8"?>
<!-- Generated by org.testng.reporters.JUnitReportReporter -->
<testsuite hostname="Rajendra" failures="0" tests="7" name="com.tests.OperatorsPageTest" time="3.020" errors="0" timestamp="02 Aug 2022 14:03:49 GMT" skipped="0">
  <testcase classname="com.tests.OperatorsPageTest" name="TC007_verify_Mobile_Number_Of_Operators" time="0.275"/>
  <testcase classname="com.tests.OperatorsPageTest" name="TC005_verify_Monday_Timing_Of_Operators" time="0.288"/>
  <testcase classname="com.tests.OperatorsPageTest" name="TC003_verify_Way_To_Connect_Without_WhatsApp_Only_To_Operator" time="0.302"/>
  <testcase classname="com.tests.OperatorsPageTest" name="TC001_verify_Operators_List_Table_Data" time="1.231"/>
  <testcase classname="com.tests.OperatorsPageTest" name="TC004_verify_Way_To_Connect_WhatsApp_Only_To_Operator" time="0.309"/>
  <testcase classname="com.tests.OperatorsPageTest" name="TC006_verify_Timing_Of_Operators" time="0.287"/>
  <testcase classname="com.tests.OperatorsPageTest" name="TC002_verify_Technical_Person_In_Operators_List" time="0.328"/>
</testsuite> <!-- com.tests.OperatorsPageTest -->
